2013-10-09 21:47:33,660  INFO MLog:80 - MLog clients using log4j logging.
2013-10-09 21:47:33,759  INFO C3P0Registry:204 - Initializing c3p0-0.9.1.2 [built 21-May-2007 15:04:56; debug? true; trace: 10]
2013-10-09 21:47:33,781 DEBUG DynamicPooledDataSourceManagerMBean:236 - MBean: com.mchange.v2.c3p0:type=PooledDataSource[1hgffgf8x17r3cqg1eq4bso|beb116] registered.
2013-10-09 21:47:34,082  INFO Version:15 - Hibernate Annotations 3.4.0.GA
2013-10-09 21:47:34,098  INFO Environment:560 - Hibernate 3.3.2.GA
2013-10-09 21:47:34,100  INFO Environment:593 - hibernate.properties not found
2013-10-09 21:47:34,106  INFO Environment:771 - Bytecode provider name : javassist
2013-10-09 21:47:34,121  INFO Environment:652 - using JDK 1.4 java.sql.Timestamp handling
2013-10-09 21:47:34,231  INFO Version:14 - Hibernate Commons Annotations 3.1.0.GA
2013-10-09 21:47:34,312  INFO AnnotationBinder:419 - Binding entity from annotated class: vn.gmostore.basic.model.Product
2013-10-09 21:47:34,364  INFO EntityBinder:422 - Bind entity vn.gmostore.basic.model.Product on table product
2013-10-09 21:47:34,444  INFO AnnotationConfiguration:369 - Hibernate Validator not found: ignoring
2013-10-09 21:47:34,447  INFO HibernateSearchEventListenerRegister:53 - Unable to find org.hibernate.search.event.FullTextIndexEventListener on the classpath. Hibernate Search is not enabled.
2013-10-09 21:47:34,520  INFO ConnectionProviderFactory:95 - Initializing connection provider: org.springframework.orm.hibernate3.LocalDataSourceConnectionProvider
2013-10-09 21:47:34,595 DEBUG BasicResourcePool:404 - incremented pending_acquires: 1
2013-10-09 21:47:34,596 DEBUG BasicResourcePool:404 - incremented pending_acquires: 2
2013-10-09 21:47:34,597 DEBUG BasicResourcePool:404 - incremented pending_acquires: 3
2013-10-09 21:47:34,598 DEBUG BasicResourcePool:404 - incremented pending_acquires: 4
2013-10-09 21:47:34,603 DEBUG BasicResourcePool:404 - incremented pending_acquires: 5
2013-10-09 21:47:34,605 DEBUG BasicResourcePool:404 - incremented pending_acquires: 6
2013-10-09 21:47:34,606 DEBUG BasicResourcePool:404 - incremented pending_acquires: 7
2013-10-09 21:47:34,610 DEBUG BasicResourcePool:404 - incremented pending_acquires: 8
2013-10-09 21:47:34,611 DEBUG BasicResourcePool:404 - incremented pending_acquires: 9
2013-10-09 21:47:34,611 DEBUG BasicResourcePool:404 - incremented pending_acquires: 10
2013-10-09 21:47:34,633 DEBUG BasicResourcePool:289 - com.mchange.v2.resourcepool.BasicResourcePool@142ef5b config: [start -> 6; min -> 10; max -> 500; inc -> 3; num_acq_attempts -> 60; acq_attempt_delay -> 1000; check_idle_resources_delay -> 3000000; mox_resource_age -> 0; max_idle_time -> 6000; excess_max_idle_time -> 0; destroy_unreturned_resc_time -> 0; expiration_enforcement_delay -> 1500; break_on_acquisition_failure -> false; debug_store_checkout_exceptions -> false]
2013-10-09 21:47:34,661  INFO AbstractPoolBackedDataSource:462 - Initializing c3p0 pool... com.mchange.v2.c3p0.ComboPooledDataSource [ acquireIncrement -> 3, acquireRetryAttempts -> 60, acquireRetryDelay -> 1000, autoCommitOnClose -> false, automaticTestTable -> null, breakAfterAcquireFailure -> false, checkoutTimeout -> 100000, connectionCustomizerClassName -> null, connectionTesterClassName -> com.mchange.v2.c3p0.impl.DefaultConnectionTester, dataSourceName -> 1hgffgf8x17r3cqg1eq4bso|beb116, debugUnreturnedConnectionStackTraces -> false, description -> null, driverClass -> com.mysql.jdbc.Driver, factoryClassLocation -> null, forceIgnoreUnresolvedTransactions -> false, identityToken -> 1hgffgf8x17r3cqg1eq4bso|beb116, idleConnectionTestPeriod -> 3000, initialPoolSize -> 6, jdbcUrl -> jdbc:mysql://localhost:3306/appstore_project?autoReconnect=true&createDatabaseIfNotExist=true&useOldUTF8Behavior=true&characterEncoding=UTF-8, maxAdministrativeTaskTime -> 0, maxConnectionAge -> 0, maxIdleTime -> 6, maxIdleTimeExcessConnections -> 0, maxPoolSize -> 500, maxStatements -> 0, maxStatementsPerConnection -> 0, minPoolSize -> 10, numHelperThreads -> 10, numThreadsAwaitingCheckoutDefaultUser -> 0, preferredTestQuery -> null, properties -> {user=******, password=******}, propertyCycle -> 0, testConnectionOnCheckin -> false, testConnectionOnCheckout -> false, unreturnedConnectionTimeout -> 0, usesTraditionalReflectiveProxies -> false ]
2013-10-09 21:47:34,663 DEBUG BasicResourcePool:538 - acquire test -- pool size: 0; target_pool_size: 10; desired target? 1
2013-10-09 21:47:34,663 DEBUG BasicResourcePool:1291 - awaitAvailable(): [unknown]
2013-10-09 21:47:34,664 DEBUG BasicResourcePool:1644 - trace com.mchange.v2.resourcepool.BasicResourcePool@142ef5b [managed: 0, unused: 0, excluded: 0]
2013-10-09 21:47:34,964 DEBUG C3P0PooledConnectionPool:217 - com.mchange.v2.c3p0.impl.C3P0PooledConnectionPool$1PooledConnectionResourcePoolManager@78cf3a.acquireResource() returning. 
2013-10-09 21:47:34,965 DEBUG BasicResourcePool:1644 - trace com.mchange.v2.resourcepool.BasicResourcePool@142ef5b [managed: 1, unused: 1, excluded: 0]
2013-10-09 21:47:34,966 DEBUG BasicResourcePool:422 - decremented pending_acquires: 9
2013-10-09 21:47:34,968 DEBUG C3P0PooledConnectionPool:217 - com.mchange.v2.c3p0.impl.C3P0PooledConnectionPool$1PooledConnectionResourcePoolManager@78cf3a.acquireResource() returning. 
2013-10-09 21:47:34,968 DEBUG BasicResourcePool:1644 - trace com.mchange.v2.resourcepool.BasicResourcePool@142ef5b [managed: 2, unused: 2, excluded: 0] (e.g. com.mchange.v2.c3p0.impl.NewPooledConnection@a12487)
2013-10-09 21:47:34,968 DEBUG BasicResourcePool:422 - decremented pending_acquires: 8
2013-10-09 21:47:34,969 DEBUG C3P0PooledConnectionPool:217 - com.mchange.v2.c3p0.impl.C3P0PooledConnectionPool$1PooledConnectionResourcePoolManager@78cf3a.acquireResource() returning. 
2013-10-09 21:47:34,969 DEBUG BasicResourcePool:1644 - trace com.mchange.v2.resourcepool.BasicResourcePool@142ef5b [managed: 3, unused: 3, excluded: 0] (e.g. com.mchange.v2.c3p0.impl.NewPooledConnection@a12487)
2013-10-09 21:47:34,969 DEBUG BasicResourcePool:422 - decremented pending_acquires: 7
2013-10-09 21:47:34,970 DEBUG C3P0PooledConnectionPool:217 - com.mchange.v2.c3p0.impl.C3P0PooledConnectionPool$1PooledConnectionResourcePoolManager@78cf3a.acquireResource() returning. 
2013-10-09 21:47:34,971 DEBUG BasicResourcePool:1644 - trace com.mchange.v2.resourcepool.BasicResourcePool@142ef5b [managed: 4, unused: 4, excluded: 0] (e.g. com.mchange.v2.c3p0.impl.NewPooledConnection@a12487)
2013-10-09 21:47:34,971 DEBUG BasicResourcePool:422 - decremented pending_acquires: 6
2013-10-09 21:47:34,971 DEBUG C3P0PooledConnectionPool:217 - com.mchange.v2.c3p0.impl.C3P0PooledConnectionPool$1PooledConnectionResourcePoolManager@78cf3a.acquireResource() returning. 
2013-10-09 21:47:34,971 DEBUG BasicResourcePool:1644 - trace com.mchange.v2.resourcepool.BasicResourcePool@142ef5b [managed: 5, unused: 5, excluded: 0] (e.g. com.mchange.v2.c3p0.impl.NewPooledConnection@a12487)
2013-10-09 21:47:34,971 DEBUG BasicResourcePool:422 - decremented pending_acquires: 5
2013-10-09 21:47:34,972 DEBUG C3P0PooledConnectionPool:217 - com.mchange.v2.c3p0.impl.C3P0PooledConnectionPool$1PooledConnectionResourcePoolManager@78cf3a.acquireResource() returning. 
2013-10-09 21:47:34,983 DEBUG BasicResourcePool:1644 - trace com.mchange.v2.resourcepool.BasicResourcePool@142ef5b [managed: 5, unused: 4, excluded: 0] (e.g. com.mchange.v2.c3p0.impl.NewPooledConnection@a12487)
2013-10-09 21:47:34,975 DEBUG C3P0PooledConnectionPool:217 - com.mchange.v2.c3p0.impl.C3P0PooledConnectionPool$1PooledConnectionResourcePoolManager@78cf3a.acquireResource() returning. 
2013-10-09 21:47:34,995 DEBUG C3P0PooledConnectionPool:217 - com.mchange.v2.c3p0.impl.C3P0PooledConnectionPool$1PooledConnectionResourcePoolManager@78cf3a.acquireResource() returning. 
2013-10-09 21:47:35,000 DEBUG BasicResourcePool:1644 - trace com.mchange.v2.resourcepool.BasicResourcePool@142ef5b [managed: 6, unused: 5, excluded: 0] (e.g. com.mchange.v2.c3p0.impl.NewPooledConnection@a12487)
2013-10-09 21:47:35,000 DEBUG BasicResourcePool:422 - decremented pending_acquires: 4
2013-10-09 21:47:35,000 DEBUG BasicResourcePool:1644 - trace com.mchange.v2.resourcepool.BasicResourcePool@142ef5b [managed: 7, unused: 6, excluded: 0] (e.g. com.mchange.v2.c3p0.impl.NewPooledConnection@a12487)
2013-10-09 21:47:35,000 DEBUG BasicResourcePool:422 - decremented pending_acquires: 3
2013-10-09 21:47:35,002 DEBUG BasicResourcePool:1644 - trace com.mchange.v2.resourcepool.BasicResourcePool@142ef5b [managed: 8, unused: 7, excluded: 0] (e.g. com.mchange.v2.c3p0.impl.NewPooledConnection@a12487)
2013-10-09 21:47:35,002 DEBUG BasicResourcePool:422 - decremented pending_acquires: 2
2013-10-09 21:47:35,018 DEBUG C3P0PooledConnectionPool:217 - com.mchange.v2.c3p0.impl.C3P0PooledConnectionPool$1PooledConnectionResourcePoolManager@78cf3a.acquireResource() returning. 
2013-10-09 21:47:35,018 DEBUG BasicResourcePool:1644 - trace com.mchange.v2.resourcepool.BasicResourcePool@142ef5b [managed: 9, unused: 8, excluded: 0] (e.g. com.mchange.v2.c3p0.impl.NewPooledConnection@a12487)
2013-10-09 21:47:35,018 DEBUG BasicResourcePool:422 - decremented pending_acquires: 1
2013-10-09 21:47:35,019 DEBUG C3P0PooledConnectionPool:217 - com.mchange.v2.c3p0.impl.C3P0PooledConnectionPool$1PooledConnectionResourcePoolManager@78cf3a.acquireResource() returning. 
2013-10-09 21:47:35,019 DEBUG BasicResourcePool:1644 - trace com.mchange.v2.resourcepool.BasicResourcePool@142ef5b [managed: 10, unused: 9, excluded: 0] (e.g. com.mchange.v2.c3p0.impl.NewPooledConnection@a12487)
2013-10-09 21:47:35,019 DEBUG BasicResourcePool:422 - decremented pending_acquires: 0
2013-10-09 21:47:35,027  INFO SettingsFactory:114 - RDBMS: MySQL, version: 5.1.45-community
2013-10-09 21:47:35,027  INFO SettingsFactory:115 - JDBC driver: MySQL-AB JDBC Driver, version: mysql-connector-java-5.1.12 ( Revision: ${bzr.revision-id} )
2013-10-09 21:47:35,049  INFO Dialect:175 - Using dialect: org.hibernate.dialect.MySQLDialect
2013-10-09 21:47:35,054 DEBUG BasicResourcePool:1644 - trace com.mchange.v2.resourcepool.BasicResourcePool@142ef5b [managed: 10, unused: 9, excluded: 0] (e.g. com.mchange.v2.c3p0.impl.NewPooledConnection@a12487)
2013-10-09 21:47:35,057  INFO TransactionFactoryFactory:62 - Transaction strategy: org.springframework.orm.hibernate3.SpringTransactionFactory
2013-10-09 21:47:35,059  INFO TransactionManagerLookupFactory:80 - No TransactionManagerLookup configured (in JTA environment, use of read-write or transactional second-level cache is not recommended)
2013-10-09 21:47:35,060  INFO SettingsFactory:161 - Automatic flush during beforeCompletion(): enabled
2013-10-09 21:47:35,060  INFO SettingsFactory:165 - Automatic session close at end of transaction: disabled
2013-10-09 21:47:35,061  INFO SettingsFactory:172 - JDBC batch size: 15
2013-10-09 21:47:35,062  INFO SettingsFactory:175 - JDBC batch updates for versioned data: disabled
2013-10-09 21:47:35,064  INFO SettingsFactory:180 - Scrollable result sets: enabled
2013-10-09 21:47:35,065  INFO SettingsFactory:188 - JDBC3 getGeneratedKeys(): enabled
2013-10-09 21:47:35,065  INFO SettingsFactory:196 - Connection release mode: auto
2013-10-09 21:47:35,067  INFO SettingsFactory:220 - Maximum outer join fetch depth: 2
2013-10-09 21:47:35,067  INFO SettingsFactory:223 - Default batch fetch size: 1
2013-10-09 21:47:35,068  INFO SettingsFactory:227 - Generate SQL with comments: disabled
2013-10-09 21:47:35,068  INFO SettingsFactory:231 - Order SQL updates by primary key: disabled
2013-10-09 21:47:35,069  INFO SettingsFactory:235 - Order SQL inserts for batching: disabled
2013-10-09 21:47:35,069  INFO SettingsFactory:397 - Query translator: org.hibernate.hql.ast.ASTQueryTranslatorFactory
2013-10-09 21:47:35,071  INFO ASTQueryTranslatorFactory:47 - Using ASTQueryTranslatorFactory
2013-10-09 21:47:35,072  INFO SettingsFactory:243 - Query language substitutions: {}
2013-10-09 21:47:35,072  INFO SettingsFactory:248 - JPA-QL strict compliance: disabled
2013-10-09 21:47:35,073  INFO SettingsFactory:253 - Second-level cache: enabled
2013-10-09 21:47:35,078  INFO SettingsFactory:257 - Query cache: enabled
2013-10-09 21:47:35,082  INFO SettingsFactory:382 - Cache region factory : org.hibernate.cache.impl.bridge.RegionFactoryCacheProviderBridge
2013-10-09 21:47:35,083  INFO RegionFactoryCacheProviderBridge:61 - Cache provider: net.sf.ehcache.hibernate.EhCacheProvider
2013-10-09 21:47:35,088  INFO SettingsFactory:267 - Optimize cache for minimal puts: enabled
2013-10-09 21:47:35,088  INFO SettingsFactory:276 - Structured second-level cache entries: disabled
2013-10-09 21:47:35,089  INFO SettingsFactory:361 - Query cache factory: org.hibernate.cache.StandardQueryCacheFactory
2013-10-09 21:47:35,105  INFO SettingsFactory:296 - Echoing all SQL to stdout
2013-10-09 21:47:35,107  INFO SettingsFactory:305 - Statistics: disabled
2013-10-09 21:47:35,108  INFO SettingsFactory:309 - Deleted entity synthetic identifier rollback: disabled
2013-10-09 21:47:35,112  INFO SettingsFactory:324 - Default entity-mode: pojo
2013-10-09 21:47:35,112  INFO SettingsFactory:328 - Named query checking : enabled
2013-10-09 21:47:35,188  INFO SessionFactoryImpl:193 - building session factory
2013-10-09 21:47:35,213 DEBUG CacheManager:676 - Configuring ehcache from classpath.
2013-10-09 21:47:35,218  WARN ConfigurationFactory:136 - No configuration found. Configuring ehcache from ehcache-failsafe.xml  found in the classpath: jar:file:/D:/Sync/Dropbox/working/tools/m2reponsitory/net/sf/ehcache/ehcache-core/2.6.0/ehcache-core-2.6.0.jar!/ehcache-failsafe.xml
2013-10-09 21:47:35,219 DEBUG ConfigurationFactory:98 - Configuring ehcache from URL: jar:file:/D:/Sync/Dropbox/working/tools/m2reponsitory/net/sf/ehcache/ehcache-core/2.6.0/ehcache-core-2.6.0.jar!/ehcache-failsafe.xml
2013-10-09 21:47:35,220 DEBUG ConfigurationFactory:150 - Configuring ehcache from InputStream
2013-10-09 21:47:35,258 DEBUG BeanHandler:271 - Ignoring ehcache attribute xmlns:xsi
2013-10-09 21:47:35,259 DEBUG BeanHandler:271 - Ignoring ehcache attribute xsi:noNamespaceSchemaLocation
2013-10-09 21:47:35,262 DEBUG DiskStoreConfiguration:141 - Disk Store Path: C:\Users\ADMINI~1\AppData\Local\Temp\
2013-10-09 21:47:35,297 DEBUG PropertyUtil:88 - propertiesString is null.
2013-10-09 21:47:35,317 DEBUG ConfigurationHelper:185 - No CacheManagerEventListenerFactory class specified. Skipping...
2013-10-09 21:47:35,385 DEBUG Cache:955 - No BootstrapCacheLoaderFactory class specified. Skipping...
2013-10-09 21:47:35,385 DEBUG Cache:929 - CacheWriter factory not configured. Skipping...
2013-10-09 21:47:35,388 DEBUG ConfigurationHelper:96 - No CacheExceptionHandlerFactory class specified. Skipping...
2013-10-09 21:47:35,615  INFO SessionFactoryObjectFactory:105 - Not binding factory to JNDI, no JNDI name configured
2013-10-09 21:47:35,621  INFO SchemaUpdate:155 - Running hbm2ddl schema update
2013-10-09 21:47:35,622  INFO SchemaUpdate:167 - fetching database metadata
2013-10-09 21:47:35,622 DEBUG BasicResourcePool:1644 - trace com.mchange.v2.resourcepool.BasicResourcePool@142ef5b [managed: 10, unused: 9, excluded: 0] (e.g. com.mchange.v2.c3p0.impl.NewPooledConnection@a12487)
2013-10-09 21:47:35,632  INFO SchemaUpdate:179 - updating schema
2013-10-09 21:47:35,646  INFO DatabaseMetadata:119 - table not found: product
2013-10-09 21:47:35,648  INFO DatabaseMetadata:119 - table not found: product
2013-10-09 21:47:35,964  INFO SchemaUpdate:217 - schema update complete
2013-10-09 21:47:35,966 DEBUG BasicResourcePool:1644 - trace com.mchange.v2.resourcepool.BasicResourcePool@142ef5b [managed: 10, unused: 9, excluded: 0] (e.g. com.mchange.v2.c3p0.impl.NewPooledConnection@a12487)
2013-10-09 21:47:35,968  INFO UpdateTimestampsCache:57 - starting update timestamps cache at region: org.hibernate.cache.UpdateTimestampsCache
2013-10-09 21:47:35,970  WARN AbstractEhcacheProvider:65 - Could not find a specific ehcache configuration for cache named [org.hibernate.cache.UpdateTimestampsCache]; using defaults.
2013-10-09 21:47:36,130 DEBUG MemoryStore:149 - Initialized net.sf.ehcache.store.MemoryStore for org.hibernate.cache.UpdateTimestampsCache
2013-10-09 21:47:36,141 DEBUG DiskStorePathManager:169 - Using diskstore path C:\Users\ADMINI~1\AppData\Local\Temp
2013-10-09 21:47:36,142 DEBUG DiskStorePathManager:170 - Holding exclusive lock on C:\Users\ADMINI~1\AppData\Local\Temp\.ehcache-diskstore.lock
2013-10-09 21:47:36,143 DEBUG DiskStorageFactory:860 - Failed to delete file org%002ehibernate%002ecache%002e%0055pdate%0054imestamps%0043ache.data
2013-10-09 21:47:36,144 DEBUG DiskStorageFactory:860 - Failed to delete file org%002ehibernate%002ecache%002e%0055pdate%0054imestamps%0043ache.index
2013-10-09 21:47:36,154 DEBUG DiskStorageFactory:168 - Matching data file missing (or empty) for index file. Deleting index file C:\Users\ADMINI~1\AppData\Local\Temp\org%002ehibernate%002ecache%002e%0055pdate%0054imestamps%0043ache.index
2013-10-09 21:47:36,154 DEBUG DiskStorageFactory:860 - Failed to delete file org%002ehibernate%002ecache%002e%0055pdate%0054imestamps%0043ache.index
2013-10-09 21:47:36,163 DEBUG Cache:1169 - Initialised cache: org.hibernate.cache.UpdateTimestampsCache
2013-10-09 21:47:36,163 DEBUG ConfigurationHelper:354 - CacheDecoratorFactory not configured for defaultCache. Skipping for 'org.hibernate.cache.UpdateTimestampsCache'.
2013-10-09 21:47:36,164 DEBUG AbstractEhcacheProvider:68 - started EHCache region: org.hibernate.cache.UpdateTimestampsCache
2013-10-09 21:47:36,167  INFO StandardQueryCache:75 - starting query cache at region: org.hibernate.cache.StandardQueryCache
2013-10-09 21:47:36,168  WARN AbstractEhcacheProvider:65 - Could not find a specific ehcache configuration for cache named [org.hibernate.cache.StandardQueryCache]; using defaults.
2013-10-09 21:47:36,169 DEBUG MemoryStore:149 - Initialized net.sf.ehcache.store.MemoryStore for org.hibernate.cache.StandardQueryCache
2013-10-09 21:47:36,170 DEBUG DiskStorageFactory:860 - Failed to delete file org%002ehibernate%002ecache%002e%0053tandard%0051uery%0043ache.data
2013-10-09 21:47:36,171 DEBUG DiskStorageFactory:860 - Failed to delete file org%002ehibernate%002ecache%002e%0053tandard%0051uery%0043ache.index
2013-10-09 21:47:36,172 DEBUG DiskStorageFactory:168 - Matching data file missing (or empty) for index file. Deleting index file C:\Users\ADMINI~1\AppData\Local\Temp\org%002ehibernate%002ecache%002e%0053tandard%0051uery%0043ache.index
2013-10-09 21:47:36,173 DEBUG DiskStorageFactory:860 - Failed to delete file org%002ehibernate%002ecache%002e%0053tandard%0051uery%0043ache.index
2013-10-09 21:47:36,174 DEBUG Cache:1169 - Initialised cache: org.hibernate.cache.StandardQueryCache
2013-10-09 21:47:36,175 DEBUG ConfigurationHelper:354 - CacheDecoratorFactory not configured for defaultCache. Skipping for 'org.hibernate.cache.StandardQueryCache'.
2013-10-09 21:47:36,175 DEBUG AbstractEhcacheProvider:68 - started EHCache region: org.hibernate.cache.StandardQueryCache
2013-10-09 21:47:36,260  INFO SessionFactoryImpl:853 - closing
2013-10-09 21:47:36,282 DEBUG ActiveManagementCoordinator:133 - MBean: com.mchange.v2.c3p0:type=PooledDataSource[1hgffgf8x17r3cqg1eq4bso|beb116] unregistered.
2013-10-09 21:47:36,284 DEBUG ThreadPoolAsynchronousRunner:578 - Thread[com.mchange.v2.async.ThreadPoolAsynchronousRunner$PoolThread-#9,5,main] interrupted. Shutting down.
2013-10-09 21:47:36,285 DEBUG ThreadPoolAsynchronousRunner:578 - Thread[com.mchange.v2.async.ThreadPoolAsynchronousRunner$PoolThread-#8,5,main] interrupted. Shutting down.
2013-10-09 21:47:36,284 DEBUG ThreadPoolAsynchronousRunner:578 - Thread[com.mchange.v2.async.ThreadPoolAsynchronousRunner$PoolThread-#6,5,main] interrupted. Shutting down.
2013-10-09 21:47:36,285 DEBUG ThreadPoolAsynchronousRunner:578 - Thread[com.mchange.v2.async.ThreadPoolAsynchronousRunner$PoolThread-#3,5,main] interrupted. Shutting down.
2013-10-09 21:47:36,283 DEBUG ThreadPoolAsynchronousRunner:578 - Thread[com.mchange.v2.async.ThreadPoolAsynchronousRunner$PoolThread-#2,5,main] interrupted. Shutting down.
2013-10-09 21:47:36,283 DEBUG BasicResourcePool:962 - Preparing to destroy resource: com.mchange.v2.c3p0.impl.NewPooledConnection@1e56bf8
2013-10-09 21:47:36,283 DEBUG ThreadPoolAsynchronousRunner:578 - Thread[com.mchange.v2.async.ThreadPoolAsynchronousRunner$PoolThread-#4,5,main] interrupted. Shutting down.
2013-10-09 21:47:36,291 DEBUG C3P0PooledConnectionPool:468 - Preparing to destroy PooledConnection: com.mchange.v2.c3p0.impl.NewPooledConnection@1e56bf8
2013-10-09 21:47:36,290 DEBUG ThreadPoolAsynchronousRunner:578 - Thread[com.mchange.v2.async.ThreadPoolAsynchronousRunner$PoolThread-#5,5,main] interrupted. Shutting down.
2013-10-09 21:47:36,289 DEBUG ThreadPoolAsynchronousRunner:578 - Thread[com.mchange.v2.async.ThreadPoolAsynchronousRunner$PoolThread-#0,5,main] interrupted. Shutting down.
2013-10-09 21:47:36,285 DEBUG ThreadPoolAsynchronousRunner:578 - Thread[com.mchange.v2.async.ThreadPoolAsynchronousRunner$PoolThread-#7,5,main] interrupted. Shutting down.
2013-10-09 21:47:36,285 DEBUG ThreadPoolAsynchronousRunner:578 - Thread[com.mchange.v2.async.ThreadPoolAsynchronousRunner$PoolThread-#1,5,main] interrupted. Shutting down.
2013-10-09 21:47:36,284 DEBUG ActiveManagementCoordinator:85 - C3P0Registry mbean unregistered.
2013-10-09 21:47:36,295 DEBUG AbstractPoolBackedDataSource:417 - com.mchange.v2.c3p0.ComboPooledDataSource@beb116 has been closed. 
java.lang.Exception: DEBUG STACK TRACE for PoolBackedDataSource.close().
	at com.mchange.v2.c3p0.impl.AbstractPoolBackedDataSource.close(AbstractPoolBackedDataSource.java:417)
	at sun.reflect.NativeMethodAccessorImpl.invoke0(Native Method)
	at sun.reflect.NativeMethodAccessorImpl.invoke(Unknown Source)
	at sun.reflect.DelegatingMethodAccessorImpl.invoke(Unknown Source)
	at java.lang.reflect.Method.invoke(Unknown Source)
	at org.springframework.beans.factory.support.DisposableBeanAdapter.invokeCustomDestroyMethod(DisposableBeanAdapter.java:300)
	at org.springframework.beans.factory.support.DisposableBeanAdapter.destroy(DisposableBeanAdapter.java:226)
	at org.springframework.beans.factory.support.DefaultSingletonBeanRegistry.destroyBean(DefaultSingletonBeanRegistry.java:498)
	at org.springframework.beans.factory.support.DefaultSingletonBeanRegistry.destroySingleton(DefaultSingletonBeanRegistry.java:474)
	at org.springframework.beans.factory.support.DefaultSingletonBeanRegistry.destroySingletons(DefaultSingletonBeanRegistry.java:442)
	at org.springframework.context.support.AbstractApplicationContext.destroyBeans(AbstractApplicationContext.java:1071)
	at org.springframework.context.support.AbstractApplicationContext.doClose(AbstractApplicationContext.java:1045)
	at org.springframework.context.support.AbstractApplicationContext.close(AbstractApplicationContext.java:993)
	at vn.gmostore.account.TestBootstrap.testRootContext(TestBootstrap.java:29)
	at sun.reflect.NativeMethodAccessorImpl.invoke0(Native Method)
	at sun.reflect.NativeMethodAccessorImpl.invoke(Unknown Source)
	at sun.reflect.DelegatingMethodAccessorImpl.invoke(Unknown Source)
	at java.lang.reflect.Method.invoke(Unknown Source)
	at org.junit.runners.model.FrameworkMethod$1.runReflectiveCall(FrameworkMethod.java:44)
	at org.junit.internal.runners.model.ReflectiveCallable.run(ReflectiveCallable.java:15)
	at org.junit.runners.model.FrameworkMethod.invokeExplosively(FrameworkMethod.java:41)
	at org.junit.internal.runners.statements.InvokeMethod.evaluate(InvokeMethod.java:20)
	at org.junit.runners.BlockJUnit4ClassRunner.runNotIgnored(BlockJUnit4ClassRunner.java:79)
	at org.junit.runners.BlockJUnit4ClassRunner.runChild(BlockJUnit4ClassRunner.java:71)
	at org.junit.runners.BlockJUnit4ClassRunner.runChild(BlockJUnit4ClassRunner.java:49)
	at org.junit.runners.ParentRunner$3.run(ParentRunner.java:193)
	at org.junit.runners.ParentRunner$1.schedule(ParentRunner.java:52)
	at org.junit.runners.ParentRunner.runChildren(ParentRunner.java:191)
	at org.junit.runners.ParentRunner.access$000(ParentRunner.java:42)
	at org.junit.runners.ParentRunner$2.evaluate(ParentRunner.java:184)
	at org.junit.runners.ParentRunner.run(ParentRunner.java:236)
	at org.apache.maven.surefire.junit4.JUnit4TestSet.execute(JUnit4TestSet.java:53)
	at org.apache.maven.surefire.junit4.JUnit4Provider.executeTestSet(JUnit4Provider.java:123)
	at org.apache.maven.surefire.junit4.JUnit4Provider.invoke(JUnit4Provider.java:104)
	at sun.reflect.NativeMethodAccessorImpl.invoke0(Native Method)
	at sun.reflect.NativeMethodAccessorImpl.invoke(Unknown Source)
	at sun.reflect.DelegatingMethodAccessorImpl.invoke(Unknown Source)
	at java.lang.reflect.Method.invoke(Unknown Source)
	at org.apache.maven.surefire.util.ReflectionUtils.invokeMethodWithArray(ReflectionUtils.java:164)
	at org.apache.maven.surefire.booter.ProviderFactory$ProviderProxy.invoke(ProviderFactory.java:110)
	at org.apache.maven.surefire.booter.SurefireStarter.invokeProvider(SurefireStarter.java:175)
	at org.apache.maven.surefire.booter.SurefireStarter.runSuitesInProcessWhenForked(SurefireStarter.java:107)
	at org.apache.maven.surefire.booter.ForkedBooter.main(ForkedBooter.java:68)
2013-10-09 21:47:36,295 DEBUG NewPooledConnection:566 - com.mchange.v2.c3p0.impl.NewPooledConnection@1e56bf8 closed by a client.
java.lang.Exception: DEBUG -- CLOSE BY CLIENT STACK TRACE
	at com.mchange.v2.c3p0.impl.NewPooledConnection.close(NewPooledConnection.java:566)
	at com.mchange.v2.c3p0.impl.NewPooledConnection.close(NewPooledConnection.java:234)
	at com.mchange.v2.c3p0.impl.C3P0PooledConnectionPool$1PooledConnectionResourcePoolManager.destroyResource(C3P0PooledConnectionPool.java:470)
	at com.mchange.v2.resourcepool.BasicResourcePool$1DestroyResourceTask.run(BasicResourcePool.java:964)
	at com.mchange.v2.resourcepool.BasicResourcePool.destroyResource(BasicResourcePool.java:989)
	at com.mchange.v2.resourcepool.BasicResourcePool.access$100(BasicResourcePool.java:32)
	at com.mchange.v2.resourcepool.BasicResourcePool$5.run(BasicResourcePool.java:1174)
2013-10-09 21:47:36,303 DEBUG C3P0PooledConnectionPool:476 - Successfully destroyed PooledConnection: com.mchange.v2.c3p0.impl.NewPooledConnection@1e56bf8
2013-10-09 21:47:36,303 DEBUG BasicResourcePool:967 - Successfully destroyed resource: com.mchange.v2.c3p0.impl.NewPooledConnection@1e56bf8
2013-10-09 21:47:36,303 DEBUG BasicResourcePool:962 - Preparing to destroy resource: com.mchange.v2.c3p0.impl.NewPooledConnection@4a0035
2013-10-09 21:47:36,304 DEBUG C3P0PooledConnectionPool:468 - Preparing to destroy PooledConnection: com.mchange.v2.c3p0.impl.NewPooledConnection@4a0035
2013-10-09 21:47:36,306 DEBUG NewPooledConnection:566 - com.mchange.v2.c3p0.impl.NewPooledConnection@4a0035 closed by a client.
java.lang.Exception: DEBUG -- CLOSE BY CLIENT STACK TRACE
	at com.mchange.v2.c3p0.impl.NewPooledConnection.close(NewPooledConnection.java:566)
	at com.mchange.v2.c3p0.impl.NewPooledConnection.close(NewPooledConnection.java:234)
	at com.mchange.v2.c3p0.impl.C3P0PooledConnectionPool$1PooledConnectionResourcePoolManager.destroyResource(C3P0PooledConnectionPool.java:470)
	at com.mchange.v2.resourcepool.BasicResourcePool$1DestroyResourceTask.run(BasicResourcePool.java:964)
	at com.mchange.v2.resourcepool.BasicResourcePool.destroyResource(BasicResourcePool.java:989)
	at com.mchange.v2.resourcepool.BasicResourcePool.access$100(BasicResourcePool.java:32)
	at com.mchange.v2.resourcepool.BasicResourcePool$5.run(BasicResourcePool.java:1174)
2013-10-09 21:47:36,306 DEBUG C3P0PooledConnectionPool:476 - Successfully destroyed PooledConnection: com.mchange.v2.c3p0.impl.NewPooledConnection@4a0035
2013-10-09 21:47:36,306 DEBUG BasicResourcePool:967 - Successfully destroyed resource: com.mchange.v2.c3p0.impl.NewPooledConnection@4a0035
2013-10-09 21:47:36,307 DEBUG BasicResourcePool:962 - Preparing to destroy resource: com.mchange.v2.c3p0.impl.NewPooledConnection@ded275
2013-10-09 21:47:36,307 DEBUG C3P0PooledConnectionPool:468 - Preparing to destroy PooledConnection: com.mchange.v2.c3p0.impl.NewPooledConnection@ded275
2013-10-09 21:47:36,307 DEBUG NewPooledConnection:566 - com.mchange.v2.c3p0.impl.NewPooledConnection@ded275 closed by a client.
java.lang.Exception: DEBUG -- CLOSE BY CLIENT STACK TRACE
	at com.mchange.v2.c3p0.impl.NewPooledConnection.close(NewPooledConnection.java:566)
	at com.mchange.v2.c3p0.impl.NewPooledConnection.close(NewPooledConnection.java:234)
	at com.mchange.v2.c3p0.impl.C3P0PooledConnectionPool$1PooledConnectionResourcePoolManager.destroyResource(C3P0PooledConnectionPool.java:470)
	at com.mchange.v2.resourcepool.BasicResourcePool$1DestroyResourceTask.run(BasicResourcePool.java:964)
	at com.mchange.v2.resourcepool.BasicResourcePool.destroyResource(BasicResourcePool.java:989)
	at com.mchange.v2.resourcepool.BasicResourcePool.access$100(BasicResourcePool.java:32)
	at com.mchange.v2.resourcepool.BasicResourcePool$5.run(BasicResourcePool.java:1174)
2013-10-09 21:47:36,308 DEBUG C3P0PooledConnectionPool:476 - Successfully destroyed PooledConnection: com.mchange.v2.c3p0.impl.NewPooledConnection@ded275
2013-10-09 21:47:36,308 DEBUG BasicResourcePool:967 - Successfully destroyed resource: com.mchange.v2.c3p0.impl.NewPooledConnection@ded275
2013-10-09 21:47:36,308 DEBUG BasicResourcePool:962 - Preparing to destroy resource: com.mchange.v2.c3p0.impl.NewPooledConnection@d54304
2013-10-09 21:47:36,309 DEBUG C3P0PooledConnectionPool:468 - Preparing to destroy PooledConnection: com.mchange.v2.c3p0.impl.NewPooledConnection@d54304
2013-10-09 21:47:36,309 DEBUG NewPooledConnection:566 - com.mchange.v2.c3p0.impl.NewPooledConnection@d54304 closed by a client.
java.lang.Exception: DEBUG -- CLOSE BY CLIENT STACK TRACE
	at com.mchange.v2.c3p0.impl.NewPooledConnection.close(NewPooledConnection.java:566)
	at com.mchange.v2.c3p0.impl.NewPooledConnection.close(NewPooledConnection.java:234)
	at com.mchange.v2.c3p0.impl.C3P0PooledConnectionPool$1PooledConnectionResourcePoolManager.destroyResource(C3P0PooledConnectionPool.java:470)
	at com.mchange.v2.resourcepool.BasicResourcePool$1DestroyResourceTask.run(BasicResourcePool.java:964)
	at com.mchange.v2.resourcepool.BasicResourcePool.destroyResource(BasicResourcePool.java:989)
	at com.mchange.v2.resourcepool.BasicResourcePool.access$100(BasicResourcePool.java:32)
	at com.mchange.v2.resourcepool.BasicResourcePool$5.run(BasicResourcePool.java:1174)
2013-10-09 21:47:36,310 DEBUG C3P0PooledConnectionPool:476 - Successfully destroyed PooledConnection: com.mchange.v2.c3p0.impl.NewPooledConnection@d54304
2013-10-09 21:47:36,310 DEBUG BasicResourcePool:967 - Successfully destroyed resource: com.mchange.v2.c3p0.impl.NewPooledConnection@d54304
2013-10-09 21:47:36,310 DEBUG BasicResourcePool:962 - Preparing to destroy resource: com.mchange.v2.c3p0.impl.NewPooledConnection@fa3bb0
2013-10-09 21:47:36,310 DEBUG C3P0PooledConnectionPool:468 - Preparing to destroy PooledConnection: com.mchange.v2.c3p0.impl.NewPooledConnection@fa3bb0
2013-10-09 21:47:36,311 DEBUG NewPooledConnection:566 - com.mchange.v2.c3p0.impl.NewPooledConnection@fa3bb0 closed by a client.
java.lang.Exception: DEBUG -- CLOSE BY CLIENT STACK TRACE
	at com.mchange.v2.c3p0.impl.NewPooledConnection.close(NewPooledConnection.java:566)
	at com.mchange.v2.c3p0.impl.NewPooledConnection.close(NewPooledConnection.java:234)
	at com.mchange.v2.c3p0.impl.C3P0PooledConnectionPool$1PooledConnectionResourcePoolManager.destroyResource(C3P0PooledConnectionPool.java:470)
	at com.mchange.v2.resourcepool.BasicResourcePool$1DestroyResourceTask.run(BasicResourcePool.java:964)
	at com.mchange.v2.resourcepool.BasicResourcePool.destroyResource(BasicResourcePool.java:989)
	at com.mchange.v2.resourcepool.BasicResourcePool.access$100(BasicResourcePool.java:32)
	at com.mchange.v2.resourcepool.BasicResourcePool$5.run(BasicResourcePool.java:1174)
2013-10-09 21:47:36,311 DEBUG C3P0PooledConnectionPool:476 - Successfully destroyed PooledConnection: com.mchange.v2.c3p0.impl.NewPooledConnection@fa3bb0
2013-10-09 21:47:36,311 DEBUG BasicResourcePool:967 - Successfully destroyed resource: com.mchange.v2.c3p0.impl.NewPooledConnection@fa3bb0
2013-10-09 21:47:36,312 DEBUG BasicResourcePool:962 - Preparing to destroy resource: com.mchange.v2.c3p0.impl.NewPooledConnection@186b71c
2013-10-09 21:47:36,312 DEBUG C3P0PooledConnectionPool:468 - Preparing to destroy PooledConnection: com.mchange.v2.c3p0.impl.NewPooledConnection@186b71c
2013-10-09 21:47:36,312 DEBUG NewPooledConnection:566 - com.mchange.v2.c3p0.impl.NewPooledConnection@186b71c closed by a client.
java.lang.Exception: DEBUG -- CLOSE BY CLIENT STACK TRACE
	at com.mchange.v2.c3p0.impl.NewPooledConnection.close(NewPooledConnection.java:566)
	at com.mchange.v2.c3p0.impl.NewPooledConnection.close(NewPooledConnection.java:234)
	at com.mchange.v2.c3p0.impl.C3P0PooledConnectionPool$1PooledConnectionResourcePoolManager.destroyResource(C3P0PooledConnectionPool.java:470)
	at com.mchange.v2.resourcepool.BasicResourcePool$1DestroyResourceTask.run(BasicResourcePool.java:964)
	at com.mchange.v2.resourcepool.BasicResourcePool.destroyResource(BasicResourcePool.java:989)
	at com.mchange.v2.resourcepool.BasicResourcePool.access$100(BasicResourcePool.java:32)
	at com.mchange.v2.resourcepool.BasicResourcePool$5.run(BasicResourcePool.java:1174)
2013-10-09 21:47:36,314 DEBUG C3P0PooledConnectionPool:476 - Successfully destroyed PooledConnection: com.mchange.v2.c3p0.impl.NewPooledConnection@186b71c
2013-10-09 21:47:36,315 DEBUG BasicResourcePool:967 - Successfully destroyed resource: com.mchange.v2.c3p0.impl.NewPooledConnection@186b71c
2013-10-09 21:47:36,315 DEBUG BasicResourcePool:962 - Preparing to destroy resource: com.mchange.v2.c3p0.impl.NewPooledConnection@caf0ac
2013-10-09 21:47:36,315 DEBUG C3P0PooledConnectionPool:468 - Preparing to destroy PooledConnection: com.mchange.v2.c3p0.impl.NewPooledConnection@caf0ac
2013-10-09 21:47:36,316 DEBUG NewPooledConnection:566 - com.mchange.v2.c3p0.impl.NewPooledConnection@caf0ac closed by a client.
java.lang.Exception: DEBUG -- CLOSE BY CLIENT STACK TRACE
	at com.mchange.v2.c3p0.impl.NewPooledConnection.close(NewPooledConnection.java:566)
	at com.mchange.v2.c3p0.impl.NewPooledConnection.close(NewPooledConnection.java:234)
	at com.mchange.v2.c3p0.impl.C3P0PooledConnectionPool$1PooledConnectionResourcePoolManager.destroyResource(C3P0PooledConnectionPool.java:470)
	at com.mchange.v2.resourcepool.BasicResourcePool$1DestroyResourceTask.run(BasicResourcePool.java:964)
	at com.mchange.v2.resourcepool.BasicResourcePool.destroyResource(BasicResourcePool.java:989)
	at com.mchange.v2.resourcepool.BasicResourcePool.access$100(BasicResourcePool.java:32)
	at com.mchange.v2.resourcepool.BasicResourcePool$5.run(BasicResourcePool.java:1174)
2013-10-09 21:47:36,316 DEBUG C3P0PooledConnectionPool:476 - Successfully destroyed PooledConnection: com.mchange.v2.c3p0.impl.NewPooledConnection@caf0ac
2013-10-09 21:47:36,316 DEBUG BasicResourcePool:967 - Successfully destroyed resource: com.mchange.v2.c3p0.impl.NewPooledConnection@caf0ac
2013-10-09 21:47:36,317 DEBUG BasicResourcePool:962 - Preparing to destroy resource: com.mchange.v2.c3p0.impl.NewPooledConnection@1b769b2
2013-10-09 21:47:36,317 DEBUG C3P0PooledConnectionPool:468 - Preparing to destroy PooledConnection: com.mchange.v2.c3p0.impl.NewPooledConnection@1b769b2
2013-10-09 21:47:36,317 DEBUG NewPooledConnection:566 - com.mchange.v2.c3p0.impl.NewPooledConnection@1b769b2 closed by a client.
java.lang.Exception: DEBUG -- CLOSE BY CLIENT STACK TRACE
	at com.mchange.v2.c3p0.impl.NewPooledConnection.close(NewPooledConnection.java:566)
	at com.mchange.v2.c3p0.impl.NewPooledConnection.close(NewPooledConnection.java:234)
	at com.mchange.v2.c3p0.impl.C3P0PooledConnectionPool$1PooledConnectionResourcePoolManager.destroyResource(C3P0PooledConnectionPool.java:470)
	at com.mchange.v2.resourcepool.BasicResourcePool$1DestroyResourceTask.run(BasicResourcePool.java:964)
	at com.mchange.v2.resourcepool.BasicResourcePool.destroyResource(BasicResourcePool.java:989)
	at com.mchange.v2.resourcepool.BasicResourcePool.access$100(BasicResourcePool.java:32)
	at com.mchange.v2.resourcepool.BasicResourcePool$5.run(BasicResourcePool.java:1174)
2013-10-09 21:47:36,318 DEBUG C3P0PooledConnectionPool:476 - Successfully destroyed PooledConnection: com.mchange.v2.c3p0.impl.NewPooledConnection@1b769b2
2013-10-09 21:47:36,318 DEBUG BasicResourcePool:967 - Successfully destroyed resource: com.mchange.v2.c3p0.impl.NewPooledConnection@1b769b2
2013-10-09 21:47:36,319 DEBUG BasicResourcePool:962 - Preparing to destroy resource: com.mchange.v2.c3p0.impl.NewPooledConnection@4d4e00
2013-10-09 21:47:36,319 DEBUG C3P0PooledConnectionPool:468 - Preparing to destroy PooledConnection: com.mchange.v2.c3p0.impl.NewPooledConnection@4d4e00
2013-10-09 21:47:36,319 DEBUG NewPooledConnection:566 - com.mchange.v2.c3p0.impl.NewPooledConnection@4d4e00 closed by a client.
java.lang.Exception: DEBUG -- CLOSE BY CLIENT STACK TRACE
	at com.mchange.v2.c3p0.impl.NewPooledConnection.close(NewPooledConnection.java:566)
	at com.mchange.v2.c3p0.impl.NewPooledConnection.close(NewPooledConnection.java:234)
	at com.mchange.v2.c3p0.impl.C3P0PooledConnectionPool$1PooledConnectionResourcePoolManager.destroyResource(C3P0PooledConnectionPool.java:470)
	at com.mchange.v2.resourcepool.BasicResourcePool$1DestroyResourceTask.run(BasicResourcePool.java:964)
	at com.mchange.v2.resourcepool.BasicResourcePool.destroyResource(BasicResourcePool.java:989)
	at com.mchange.v2.resourcepool.BasicResourcePool.access$100(BasicResourcePool.java:32)
	at com.mchange.v2.resourcepool.BasicResourcePool$5.run(BasicResourcePool.java:1174)
2013-10-09 21:47:36,320 DEBUG C3P0PooledConnectionPool:476 - Successfully destroyed PooledConnection: com.mchange.v2.c3p0.impl.NewPooledConnection@4d4e00
2013-10-09 21:47:36,320 DEBUG BasicResourcePool:967 - Successfully destroyed resource: com.mchange.v2.c3p0.impl.NewPooledConnection@4d4e00
2013-10-09 21:47:36,320 DEBUG BasicResourcePool:962 - Preparing to destroy resource: com.mchange.v2.c3p0.impl.NewPooledConnection@a12487
2013-10-09 21:47:36,322 DEBUG C3P0PooledConnectionPool:468 - Preparing to destroy PooledConnection: com.mchange.v2.c3p0.impl.NewPooledConnection@a12487
2013-10-09 21:47:36,322 DEBUG NewPooledConnection:566 - com.mchange.v2.c3p0.impl.NewPooledConnection@a12487 closed by a client.
java.lang.Exception: DEBUG -- CLOSE BY CLIENT STACK TRACE
	at com.mchange.v2.c3p0.impl.NewPooledConnection.close(NewPooledConnection.java:566)
	at com.mchange.v2.c3p0.impl.NewPooledConnection.close(NewPooledConnection.java:234)
	at com.mchange.v2.c3p0.impl.C3P0PooledConnectionPool$1PooledConnectionResourcePoolManager.destroyResource(C3P0PooledConnectionPool.java:470)
	at com.mchange.v2.resourcepool.BasicResourcePool$1DestroyResourceTask.run(BasicResourcePool.java:964)
	at com.mchange.v2.resourcepool.BasicResourcePool.destroyResource(BasicResourcePool.java:989)
	at com.mchange.v2.resourcepool.BasicResourcePool.access$100(BasicResourcePool.java:32)
	at com.mchange.v2.resourcepool.BasicResourcePool$5.run(BasicResourcePool.java:1174)
2013-10-09 21:47:36,323 DEBUG C3P0PooledConnectionPool:476 - Successfully destroyed PooledConnection: com.mchange.v2.c3p0.impl.NewPooledConnection@a12487
2013-10-09 21:47:36,323 DEBUG BasicResourcePool:967 - Successfully destroyed resource: com.mchange.v2.c3p0.impl.NewPooledConnection@a12487
2013-10-09 22:27:18,905  INFO MLog:80 - MLog clients using log4j logging.
2013-10-09 22:27:18,979  INFO C3P0Registry:204 - Initializing c3p0-0.9.1.2 [built 21-May-2007 15:04:56; debug? true; trace: 10]
2013-10-09 22:27:19,005 DEBUG DynamicPooledDataSourceManagerMBean:236 - MBean: com.mchange.v2.c3p0:type=PooledDataSource[1hgffgf8x17sih721lligvp|c305a8] registered.
2013-10-09 22:27:19,281  INFO Version:15 - Hibernate Annotations 3.4.0.GA
2013-10-09 22:27:19,294  INFO Environment:560 - Hibernate 3.3.2.GA
2013-10-09 22:27:19,296  INFO Environment:593 - hibernate.properties not found
2013-10-09 22:27:19,300  INFO Environment:771 - Bytecode provider name : javassist
2013-10-09 22:27:19,304  INFO Environment:652 - using JDK 1.4 java.sql.Timestamp handling
2013-10-09 22:27:19,369  INFO Version:14 - Hibernate Commons Annotations 3.1.0.GA
2013-10-09 22:27:19,424  INFO AnnotationBinder:419 - Binding entity from annotated class: vn.gmostore.basic.model.Product
2013-10-09 22:27:19,453  INFO EntityBinder:422 - Bind entity vn.gmostore.basic.model.Product on table product
2013-10-09 22:27:19,507  INFO AnnotationConfiguration:369 - Hibernate Validator not found: ignoring
2013-10-09 22:27:19,511  INFO HibernateSearchEventListenerRegister:53 - Unable to find org.hibernate.search.event.FullTextIndexEventListener on the classpath. Hibernate Search is not enabled.
2013-10-09 22:27:19,554  INFO ConnectionProviderFactory:95 - Initializing connection provider: org.springframework.orm.hibernate3.LocalDataSourceConnectionProvider
2013-10-09 22:27:19,607 DEBUG BasicResourcePool:404 - incremented pending_acquires: 1
2013-10-09 22:27:19,608 DEBUG BasicResourcePool:404 - incremented pending_acquires: 2
2013-10-09 22:27:19,609 DEBUG BasicResourcePool:404 - incremented pending_acquires: 3
2013-10-09 22:27:19,609 DEBUG BasicResourcePool:404 - incremented pending_acquires: 4
2013-10-09 22:27:19,613 DEBUG BasicResourcePool:404 - incremented pending_acquires: 5
2013-10-09 22:27:19,615 DEBUG BasicResourcePool:404 - incremented pending_acquires: 6
2013-10-09 22:27:19,643 DEBUG BasicResourcePool:404 - incremented pending_acquires: 7
2013-10-09 22:27:19,644 DEBUG BasicResourcePool:404 - incremented pending_acquires: 8
2013-10-09 22:27:19,644 DEBUG BasicResourcePool:404 - incremented pending_acquires: 9
2013-10-09 22:27:19,645 DEBUG BasicResourcePool:404 - incremented pending_acquires: 10
2013-10-09 22:27:19,646 DEBUG BasicResourcePool:289 - com.mchange.v2.resourcepool.BasicResourcePool@f1603a config: [start -> 6; min -> 10; max -> 500; inc -> 3; num_acq_attempts -> 60; acq_attempt_delay -> 1000; check_idle_resources_delay -> 3000000; mox_resource_age -> 0; max_idle_time -> 6000; excess_max_idle_time -> 0; destroy_unreturned_resc_time -> 0; expiration_enforcement_delay -> 1500; break_on_acquisition_failure -> false; debug_store_checkout_exceptions -> false]
2013-10-09 22:27:19,647  INFO AbstractPoolBackedDataSource:462 - Initializing c3p0 pool... com.mchange.v2.c3p0.ComboPooledDataSource [ acquireIncrement -> 3, acquireRetryAttempts -> 60, acquireRetryDelay -> 1000, autoCommitOnClose -> false, automaticTestTable -> null, breakAfterAcquireFailure -> false, checkoutTimeout -> 100000, connectionCustomizerClassName -> null, connectionTesterClassName -> com.mchange.v2.c3p0.impl.DefaultConnectionTester, dataSourceName -> 1hgffgf8x17sih721lligvp|c305a8, debugUnreturnedConnectionStackTraces -> false, description -> null, driverClass -> com.mysql.jdbc.Driver, factoryClassLocation -> null, forceIgnoreUnresolvedTransactions -> false, identityToken -> 1hgffgf8x17sih721lligvp|c305a8, idleConnectionTestPeriod -> 3000, initialPoolSize -> 6, jdbcUrl -> jdbc:mysql://localhost:3306/appstore_project?autoReconnect=true&createDatabaseIfNotExist=true&useOldUTF8Behavior=true&characterEncoding=UTF-8, maxAdministrativeTaskTime -> 0, maxConnectionAge -> 0, maxIdleTime -> 6, maxIdleTimeExcessConnections -> 0, maxPoolSize -> 500, maxStatements -> 0, maxStatementsPerConnection -> 0, minPoolSize -> 10, numHelperThreads -> 10, numThreadsAwaitingCheckoutDefaultUser -> 0, preferredTestQuery -> null, properties -> {user=******, password=******}, propertyCycle -> 0, testConnectionOnCheckin -> false, testConnectionOnCheckout -> false, unreturnedConnectionTimeout -> 0, usesTraditionalReflectiveProxies -> false ]
2013-10-09 22:27:19,648 DEBUG BasicResourcePool:538 - acquire test -- pool size: 0; target_pool_size: 10; desired target? 1
2013-10-09 22:27:19,648 DEBUG BasicResourcePool:1291 - awaitAvailable(): [unknown]
2013-10-09 22:27:19,649 DEBUG BasicResourcePool:1644 - trace com.mchange.v2.resourcepool.BasicResourcePool@f1603a [managed: 0, unused: 0, excluded: 0]
2013-10-09 22:27:19,937 DEBUG C3P0PooledConnectionPool:217 - com.mchange.v2.c3p0.impl.C3P0PooledConnectionPool$1PooledConnectionResourcePoolManager@d7aac3.acquireResource() returning. 
2013-10-09 22:27:19,957 DEBUG BasicResourcePool:1644 - trace com.mchange.v2.resourcepool.BasicResourcePool@f1603a [managed: 1, unused: 1, excluded: 0]
2013-10-09 22:27:19,957 DEBUG BasicResourcePool:422 - decremented pending_acquires: 9
2013-10-09 22:27:19,971 DEBUG C3P0PooledConnectionPool:217 - com.mchange.v2.c3p0.impl.C3P0PooledConnectionPool$1PooledConnectionResourcePoolManager@d7aac3.acquireResource() returning. 
2013-10-09 22:27:19,974 DEBUG BasicResourcePool:1644 - trace com.mchange.v2.resourcepool.BasicResourcePool@f1603a [managed: 2, unused: 1, excluded: 0] (e.g. com.mchange.v2.c3p0.impl.NewPooledConnection@b92c76)
2013-10-09 22:27:19,975 DEBUG BasicResourcePool:422 - decremented pending_acquires: 8
2013-10-09 22:27:19,978 DEBUG C3P0PooledConnectionPool:217 - com.mchange.v2.c3p0.impl.C3P0PooledConnectionPool$1PooledConnectionResourcePoolManager@d7aac3.acquireResource() returning. 
2013-10-09 22:27:19,979 DEBUG BasicResourcePool:1644 - trace com.mchange.v2.resourcepool.BasicResourcePool@f1603a [managed: 3, unused: 2, excluded: 0] (e.g. com.mchange.v2.c3p0.impl.NewPooledConnection@b92c76)
2013-10-09 22:27:19,980 DEBUG BasicResourcePool:422 - decremented pending_acquires: 7
2013-10-09 22:27:19,981 DEBUG C3P0PooledConnectionPool:217 - com.mchange.v2.c3p0.impl.C3P0PooledConnectionPool$1PooledConnectionResourcePoolManager@d7aac3.acquireResource() returning. 
2013-10-09 22:27:19,982 DEBUG BasicResourcePool:1644 - trace com.mchange.v2.resourcepool.BasicResourcePool@f1603a [managed: 4, unused: 3, excluded: 0] (e.g. com.mchange.v2.c3p0.impl.NewPooledConnection@b92c76)
2013-10-09 22:27:19,982 DEBUG BasicResourcePool:422 - decremented pending_acquires: 6
2013-10-09 22:27:19,982 DEBUG BasicResourcePool:1644 - trace com.mchange.v2.resourcepool.BasicResourcePool@f1603a [managed: 4, unused: 3, excluded: 0] (e.g. com.mchange.v2.c3p0.impl.NewPooledConnection@b92c76)
2013-10-09 22:27:19,984 DEBUG C3P0PooledConnectionPool:217 - com.mchange.v2.c3p0.impl.C3P0PooledConnectionPool$1PooledConnectionResourcePoolManager@d7aac3.acquireResource() returning. 
2013-10-09 22:27:19,984 DEBUG BasicResourcePool:1644 - trace com.mchange.v2.resourcepool.BasicResourcePool@f1603a [managed: 5, unused: 4, excluded: 0] (e.g. com.mchange.v2.c3p0.impl.NewPooledConnection@b92c76)
2013-10-09 22:27:19,984 DEBUG BasicResourcePool:422 - decremented pending_acquires: 5
2013-10-09 22:27:19,985 DEBUG C3P0PooledConnectionPool:217 - com.mchange.v2.c3p0.impl.C3P0PooledConnectionPool$1PooledConnectionResourcePoolManager@d7aac3.acquireResource() returning. 
2013-10-09 22:27:19,985 DEBUG BasicResourcePool:1644 - trace com.mchange.v2.resourcepool.BasicResourcePool@f1603a [managed: 6, unused: 5, excluded: 0] (e.g. com.mchange.v2.c3p0.impl.NewPooledConnection@b92c76)
2013-10-09 22:27:19,985 DEBUG BasicResourcePool:422 - decremented pending_acquires: 4
2013-10-09 22:27:19,986 DEBUG C3P0PooledConnectionPool:217 - com.mchange.v2.c3p0.impl.C3P0PooledConnectionPool$1PooledConnectionResourcePoolManager@d7aac3.acquireResource() returning. 
2013-10-09 22:27:19,986 DEBUG BasicResourcePool:1644 - trace com.mchange.v2.resourcepool.BasicResourcePool@f1603a [managed: 7, unused: 6, excluded: 0] (e.g. com.mchange.v2.c3p0.impl.NewPooledConnection@b92c76)
2013-10-09 22:27:19,986 DEBUG BasicResourcePool:422 - decremented pending_acquires: 3
2013-10-09 22:27:19,992  INFO SettingsFactory:114 - RDBMS: MySQL, version: 5.1.45-community
2013-10-09 22:27:19,994  INFO SettingsFactory:115 - JDBC driver: MySQL-AB JDBC Driver, version: mysql-connector-java-5.1.12 ( Revision: ${bzr.revision-id} )
2013-10-09 22:27:20,013  INFO Dialect:175 - Using dialect: org.hibernate.dialect.MySQLDialect
2013-10-09 22:27:20,023 DEBUG C3P0PooledConnectionPool:217 - com.mchange.v2.c3p0.impl.C3P0PooledConnectionPool$1PooledConnectionResourcePoolManager@d7aac3.acquireResource() returning. 
2013-10-09 22:27:20,023 DEBUG BasicResourcePool:1644 - trace com.mchange.v2.resourcepool.BasicResourcePool@f1603a [managed: 8, unused: 7, excluded: 0] (e.g. com.mchange.v2.c3p0.impl.NewPooledConnection@b92c76)
2013-10-09 22:27:20,024 DEBUG BasicResourcePool:422 - decremented pending_acquires: 2
2013-10-09 22:27:20,028 DEBUG C3P0PooledConnectionPool:217 - com.mchange.v2.c3p0.impl.C3P0PooledConnectionPool$1PooledConnectionResourcePoolManager@d7aac3.acquireResource() returning. 
2013-10-09 22:27:20,029 DEBUG BasicResourcePool:1644 - trace com.mchange.v2.resourcepool.BasicResourcePool@f1603a [managed: 9, unused: 8, excluded: 0] (e.g. com.mchange.v2.c3p0.impl.NewPooledConnection@b92c76)
2013-10-09 22:27:20,029 DEBUG BasicResourcePool:422 - decremented pending_acquires: 1
2013-10-09 22:27:20,047 DEBUG C3P0PooledConnectionPool:217 - com.mchange.v2.c3p0.impl.C3P0PooledConnectionPool$1PooledConnectionResourcePoolManager@d7aac3.acquireResource() returning. 
2013-10-09 22:27:20,049 DEBUG BasicResourcePool:1644 - trace com.mchange.v2.resourcepool.BasicResourcePool@f1603a [managed: 9, unused: 8, excluded: 0] (e.g. com.mchange.v2.c3p0.impl.NewPooledConnection@b92c76)
2013-10-09 22:27:20,049 DEBUG BasicResourcePool:1644 - trace com.mchange.v2.resourcepool.BasicResourcePool@f1603a [managed: 10, unused: 10, excluded: 0] (e.g. com.mchange.v2.c3p0.impl.NewPooledConnection@b92c76)
2013-10-09 22:27:20,050 DEBUG BasicResourcePool:422 - decremented pending_acquires: 0
2013-10-09 22:27:20,051  INFO TransactionFactoryFactory:62 - Transaction strategy: org.springframework.orm.hibernate3.SpringTransactionFactory
2013-10-09 22:27:20,053  INFO TransactionManagerLookupFactory:80 - No TransactionManagerLookup configured (in JTA environment, use of read-write or transactional second-level cache is not recommended)
2013-10-09 22:27:20,053  INFO SettingsFactory:161 - Automatic flush during beforeCompletion(): enabled
2013-10-09 22:27:20,054  INFO SettingsFactory:165 - Automatic session close at end of transaction: disabled
2013-10-09 22:27:20,055  INFO SettingsFactory:172 - JDBC batch size: 15
2013-10-09 22:27:20,061  INFO SettingsFactory:175 - JDBC batch updates for versioned data: disabled
2013-10-09 22:27:20,062  INFO SettingsFactory:180 - Scrollable result sets: enabled
2013-10-09 22:27:20,063  INFO SettingsFactory:188 - JDBC3 getGeneratedKeys(): enabled
2013-10-09 22:27:20,063  INFO SettingsFactory:196 - Connection release mode: auto
2013-10-09 22:27:20,064  INFO SettingsFactory:220 - Maximum outer join fetch depth: 2
2013-10-09 22:27:20,065  INFO SettingsFactory:223 - Default batch fetch size: 1
2013-10-09 22:27:20,065  INFO SettingsFactory:227 - Generate SQL with comments: disabled
2013-10-09 22:27:20,066  INFO SettingsFactory:231 - Order SQL updates by primary key: disabled
2013-10-09 22:27:20,066  INFO SettingsFactory:235 - Order SQL inserts for batching: disabled
2013-10-09 22:27:20,067  INFO SettingsFactory:397 - Query translator: org.hibernate.hql.ast.ASTQueryTranslatorFactory
2013-10-09 22:27:20,069  INFO ASTQueryTranslatorFactory:47 - Using ASTQueryTranslatorFactory
2013-10-09 22:27:20,070  INFO SettingsFactory:243 - Query language substitutions: {}
2013-10-09 22:27:20,071  INFO SettingsFactory:248 - JPA-QL strict compliance: disabled
2013-10-09 22:27:20,071  INFO SettingsFactory:253 - Second-level cache: enabled
2013-10-09 22:27:20,072  INFO SettingsFactory:257 - Query cache: enabled
2013-10-09 22:27:20,072  INFO SettingsFactory:382 - Cache region factory : net.sf.ehcache.hibernate.EhCacheRegionFactory
2013-10-09 22:27:20,081  INFO SettingsFactory:267 - Optimize cache for minimal puts: enabled
2013-10-09 22:27:20,082  INFO SettingsFactory:276 - Structured second-level cache entries: disabled
2013-10-09 22:27:20,082  INFO SettingsFactory:361 - Query cache factory: org.hibernate.cache.StandardQueryCacheFactory
2013-10-09 22:27:20,086  INFO SettingsFactory:296 - Echoing all SQL to stdout
2013-10-09 22:27:20,088  INFO SettingsFactory:305 - Statistics: disabled
2013-10-09 22:27:20,089  INFO SettingsFactory:309 - Deleted entity synthetic identifier rollback: disabled
2013-10-09 22:27:20,089  INFO SettingsFactory:324 - Default entity-mode: pojo
2013-10-09 22:27:20,091  INFO SettingsFactory:328 - Named query checking : enabled
2013-10-09 22:27:20,140  INFO SessionFactoryImpl:193 - building session factory
2013-10-09 22:27:20,145  WARN ConfigurationFactory:136 - No configuration found. Configuring ehcache from ehcache-failsafe.xml  found in the classpath: jar:file:/D:/Sync/Dropbox/working/tools/m2reponsitory/net/sf/ehcache/ehcache-core/2.6.0/ehcache-core-2.6.0.jar!/ehcache-failsafe.xml
2013-10-09 22:27:20,146 DEBUG ConfigurationFactory:98 - Configuring ehcache from URL: jar:file:/D:/Sync/Dropbox/working/tools/m2reponsitory/net/sf/ehcache/ehcache-core/2.6.0/ehcache-core-2.6.0.jar!/ehcache-failsafe.xml
2013-10-09 22:27:20,147 DEBUG ConfigurationFactory:150 - Configuring ehcache from InputStream
2013-10-09 22:27:20,178 DEBUG BeanHandler:271 - Ignoring ehcache attribute xmlns:xsi
2013-10-09 22:27:20,178 DEBUG BeanHandler:271 - Ignoring ehcache attribute xsi:noNamespaceSchemaLocation
2013-10-09 22:27:20,180 DEBUG DiskStoreConfiguration:141 - Disk Store Path: C:\Users\ADMINI~1\AppData\Local\Temp\
2013-10-09 22:27:20,206 DEBUG PropertyUtil:88 - propertiesString is null.
2013-10-09 22:27:20,218 DEBUG ConfigurationHelper:185 - No CacheManagerEventListenerFactory class specified. Skipping...
2013-10-09 22:27:20,242 DEBUG Cache:955 - No BootstrapCacheLoaderFactory class specified. Skipping...
2013-10-09 22:27:20,243 DEBUG Cache:929 - CacheWriter factory not configured. Skipping...
2013-10-09 22:27:20,245 DEBUG ConfigurationHelper:96 - No CacheExceptionHandlerFactory class specified. Skipping...
2013-10-09 22:27:20,266  WARN AbstractEhcacheRegionFactory:153 - Couldn't find a specific ehcache configuration for cache named [vn.gmostore.basic.model.Product]; using defaults.
2013-10-09 22:27:20,288 DEBUG MemoryStore:149 - Initialized net.sf.ehcache.store.MemoryStore for vn.gmostore.basic.model.Product
2013-10-09 22:27:20,298 DEBUG DiskStorePathManager:169 - Using diskstore path C:\Users\ADMINI~1\AppData\Local\Temp
2013-10-09 22:27:20,298 DEBUG DiskStorePathManager:170 - Holding exclusive lock on C:\Users\ADMINI~1\AppData\Local\Temp\.ehcache-diskstore.lock
2013-10-09 22:27:20,299 DEBUG DiskStorageFactory:860 - Failed to delete file vn%002egmostore%002ebasic%002emodel%002e%0050roduct.data
2013-10-09 22:27:20,300 DEBUG DiskStorageFactory:860 - Failed to delete file vn%002egmostore%002ebasic%002emodel%002e%0050roduct.index
2013-10-09 22:27:20,317 DEBUG DiskStorageFactory:168 - Matching data file missing (or empty) for index file. Deleting index file C:\Users\ADMINI~1\AppData\Local\Temp\vn%002egmostore%002ebasic%002emodel%002e%0050roduct.index
2013-10-09 22:27:20,318 DEBUG DiskStorageFactory:860 - Failed to delete file vn%002egmostore%002ebasic%002emodel%002e%0050roduct.index
2013-10-09 22:27:20,326 DEBUG Cache:1169 - Initialised cache: vn.gmostore.basic.model.Product
2013-10-09 22:27:20,327 DEBUG ConfigurationHelper:354 - CacheDecoratorFactory not configured for defaultCache. Skipping for 'vn.gmostore.basic.model.Product'.
2013-10-09 22:27:20,327 DEBUG AbstractEhcacheRegionFactory:156 - started EHCache region: vn.gmostore.basic.model.Product
2013-10-09 22:27:20,596  INFO SessionFactoryObjectFactory:105 - Not binding factory to JNDI, no JNDI name configured
2013-10-09 22:27:20,603  INFO SchemaUpdate:155 - Running hbm2ddl schema update
2013-10-09 22:27:20,603  INFO SchemaUpdate:167 - fetching database metadata
2013-10-09 22:27:20,604 DEBUG BasicResourcePool:1644 - trace com.mchange.v2.resourcepool.BasicResourcePool@f1603a [managed: 10, unused: 9, excluded: 0] (e.g. com.mchange.v2.c3p0.impl.NewPooledConnection@b92c76)
2013-10-09 22:27:20,608  INFO SchemaUpdate:179 - updating schema
2013-10-09 22:27:20,645  INFO TableMetadata:65 - table found: appstore_project.product
2013-10-09 22:27:20,646  INFO TableMetadata:66 - columns: [id, partner_code, image_url, partner_url, partner_image_url, name, code, partner_name, version, discount]
2013-10-09 22:27:20,646  INFO TableMetadata:68 - foreign keys: []
2013-10-09 22:27:20,647  INFO TableMetadata:69 - indexes: [id, name_2, name, primary, code_2, code]
2013-10-09 22:27:20,647  INFO SchemaUpdate:217 - schema update complete
2013-10-09 22:27:20,649 DEBUG BasicResourcePool:1644 - trace com.mchange.v2.resourcepool.BasicResourcePool@f1603a [managed: 10, unused: 9, excluded: 0] (e.g. com.mchange.v2.c3p0.impl.NewPooledConnection@b92c76)
2013-10-09 22:27:20,650 DEBUG NewProxyConnection:1260 - com.mchange.v2.c3p0.impl.NewProxyConnection@179da7d: close() called more than once.
2013-10-09 22:27:20,652  INFO UpdateTimestampsCache:57 - starting update timestamps cache at region: org.hibernate.cache.UpdateTimestampsCache
2013-10-09 22:27:20,654  WARN AbstractEhcacheRegionFactory:153 - Couldn't find a specific ehcache configuration for cache named [org.hibernate.cache.UpdateTimestampsCache]; using defaults.
2013-10-09 22:27:20,655 DEBUG MemoryStore:149 - Initialized net.sf.ehcache.store.MemoryStore for org.hibernate.cache.UpdateTimestampsCache
2013-10-09 22:27:20,661 DEBUG DiskStorageFactory:860 - Failed to delete file org%002ehibernate%002ecache%002e%0055pdate%0054imestamps%0043ache.index
2013-10-09 22:27:20,663 DEBUG DiskStorageFactory:168 - Matching data file missing (or empty) for index file. Deleting index file C:\Users\ADMINI~1\AppData\Local\Temp\org%002ehibernate%002ecache%002e%0055pdate%0054imestamps%0043ache.index
2013-10-09 22:27:20,664 DEBUG DiskStorageFactory:860 - Failed to delete file org%002ehibernate%002ecache%002e%0055pdate%0054imestamps%0043ache.index
2013-10-09 22:27:20,665 DEBUG Cache:1169 - Initialised cache: org.hibernate.cache.UpdateTimestampsCache
2013-10-09 22:27:20,666 DEBUG ConfigurationHelper:354 - CacheDecoratorFactory not configured for defaultCache. Skipping for 'org.hibernate.cache.UpdateTimestampsCache'.
2013-10-09 22:27:20,666 DEBUG AbstractEhcacheRegionFactory:156 - started EHCache region: org.hibernate.cache.UpdateTimestampsCache
2013-10-09 22:27:20,668  INFO StandardQueryCache:75 - starting query cache at region: org.hibernate.cache.StandardQueryCache
2013-10-09 22:27:20,669  WARN AbstractEhcacheRegionFactory:153 - Couldn't find a specific ehcache configuration for cache named [org.hibernate.cache.StandardQueryCache]; using defaults.
2013-10-09 22:27:20,671 DEBUG MemoryStore:149 - Initialized net.sf.ehcache.store.MemoryStore for org.hibernate.cache.StandardQueryCache
2013-10-09 22:27:20,673 DEBUG DiskStorageFactory:860 - Failed to delete file org%002ehibernate%002ecache%002e%0053tandard%0051uery%0043ache.index
2013-10-09 22:27:20,675 DEBUG DiskStorageFactory:168 - Matching data file missing (or empty) for index file. Deleting index file C:\Users\ADMINI~1\AppData\Local\Temp\org%002ehibernate%002ecache%002e%0053tandard%0051uery%0043ache.index
2013-10-09 22:27:20,676 DEBUG DiskStorageFactory:860 - Failed to delete file org%002ehibernate%002ecache%002e%0053tandard%0051uery%0043ache.index
2013-10-09 22:27:20,678 DEBUG Cache:1169 - Initialised cache: org.hibernate.cache.StandardQueryCache
2013-10-09 22:27:20,678 DEBUG ConfigurationHelper:354 - CacheDecoratorFactory not configured for defaultCache. Skipping for 'org.hibernate.cache.StandardQueryCache'.
2013-10-09 22:27:20,679 DEBUG AbstractEhcacheRegionFactory:156 - started EHCache region: org.hibernate.cache.StandardQueryCache
2013-10-09 22:27:20,805  INFO SessionFactoryImpl:853 - closing
2013-10-09 22:27:20,852 DEBUG ActiveManagementCoordinator:133 - MBean: com.mchange.v2.c3p0:type=PooledDataSource[1hgffgf8x17sih721lligvp|c305a8] unregistered.
2013-10-09 22:27:20,852 DEBUG ActiveManagementCoordinator:85 - C3P0Registry mbean unregistered.
2013-10-09 22:27:20,856 DEBUG AbstractPoolBackedDataSource:417 - com.mchange.v2.c3p0.ComboPooledDataSource@c305a8 has been closed. 
java.lang.Exception: DEBUG STACK TRACE for PoolBackedDataSource.close().
	at com.mchange.v2.c3p0.impl.AbstractPoolBackedDataSource.close(AbstractPoolBackedDataSource.java:417)
	at sun.reflect.NativeMethodAccessorImpl.invoke0(Native Method)
	at sun.reflect.NativeMethodAccessorImpl.invoke(Unknown Source)
	at sun.reflect.DelegatingMethodAccessorImpl.invoke(Unknown Source)
	at java.lang.reflect.Method.invoke(Unknown Source)
	at org.springframework.beans.factory.support.DisposableBeanAdapter.invokeCustomDestroyMethod(DisposableBeanAdapter.java:300)
	at org.springframework.beans.factory.support.DisposableBeanAdapter.destroy(DisposableBeanAdapter.java:226)
	at org.springframework.beans.factory.support.DefaultSingletonBeanRegistry.destroyBean(DefaultSingletonBeanRegistry.java:498)
	at org.springframework.beans.factory.support.DefaultSingletonBeanRegistry.destroySingleton(DefaultSingletonBeanRegistry.java:474)
	at org.springframework.beans.factory.support.DefaultSingletonBeanRegistry.destroySingletons(DefaultSingletonBeanRegistry.java:442)
	at org.springframework.context.support.AbstractApplicationContext.destroyBeans(AbstractApplicationContext.java:1071)
	at org.springframework.context.support.AbstractApplicationContext.doClose(AbstractApplicationContext.java:1045)
	at org.springframework.context.support.AbstractApplicationContext.close(AbstractApplicationContext.java:993)
	at vn.gmostore.account.TestBootstrap.testRootContext(TestBootstrap.java:29)
	at sun.reflect.NativeMethodAccessorImpl.invoke0(Native Method)
	at sun.reflect.NativeMethodAccessorImpl.invoke(Unknown Source)
	at sun.reflect.DelegatingMethodAccessorImpl.invoke(Unknown Source)
	at java.lang.reflect.Method.invoke(Unknown Source)
	at org.junit.runners.model.FrameworkMethod$1.runReflectiveCall(FrameworkMethod.java:44)
	at org.junit.internal.runners.model.ReflectiveCallable.run(ReflectiveCallable.java:15)
	at org.junit.runners.model.FrameworkMethod.invokeExplosively(FrameworkMethod.java:41)
	at org.junit.internal.runners.statements.InvokeMethod.evaluate(InvokeMethod.java:20)
	at org.junit.runners.BlockJUnit4ClassRunner.runNotIgnored(BlockJUnit4ClassRunner.java:79)
	at org.junit.runners.BlockJUnit4ClassRunner.runChild(BlockJUnit4ClassRunner.java:71)
	at org.junit.runners.BlockJUnit4ClassRunner.runChild(BlockJUnit4ClassRunner.java:49)
	at org.junit.runners.ParentRunner$3.run(ParentRunner.java:193)
	at org.junit.runners.ParentRunner$1.schedule(ParentRunner.java:52)
	at org.junit.runners.ParentRunner.runChildren(ParentRunner.java:191)
	at org.junit.runners.ParentRunner.access$000(ParentRunner.java:42)
	at org.junit.runners.ParentRunner$2.evaluate(ParentRunner.java:184)
	at org.junit.runners.ParentRunner.run(ParentRunner.java:236)
	at org.apache.maven.surefire.junit4.JUnit4TestSet.execute(JUnit4TestSet.java:53)
	at org.apache.maven.surefire.junit4.JUnit4Provider.executeTestSet(JUnit4Provider.java:123)
	at org.apache.maven.surefire.junit4.JUnit4Provider.invoke(JUnit4Provider.java:104)
	at sun.reflect.NativeMethodAccessorImpl.invoke0(Native Method)
	at sun.reflect.NativeMethodAccessorImpl.invoke(Unknown Source)
	at sun.reflect.DelegatingMethodAccessorImpl.invoke(Unknown Source)
	at java.lang.reflect.Method.invoke(Unknown Source)
	at org.apache.maven.surefire.util.ReflectionUtils.invokeMethodWithArray(ReflectionUtils.java:164)
	at org.apache.maven.surefire.booter.ProviderFactory$ProviderProxy.invoke(ProviderFactory.java:110)
	at org.apache.maven.surefire.booter.SurefireStarter.invokeProvider(SurefireStarter.java:175)
	at org.apache.maven.surefire.booter.SurefireStarter.runSuitesInProcessWhenForked(SurefireStarter.java:107)
	at org.apache.maven.surefire.booter.ForkedBooter.main(ForkedBooter.java:68)
2013-10-09 22:27:20,885 DEBUG BasicResourcePool:962 - Preparing to destroy resource: com.mchange.v2.c3p0.impl.NewPooledConnection@e0339f
2013-10-09 22:27:20,885 DEBUG C3P0PooledConnectionPool:468 - Preparing to destroy PooledConnection: com.mchange.v2.c3p0.impl.NewPooledConnection@e0339f
2013-10-09 22:27:20,886 DEBUG NewPooledConnection:566 - com.mchange.v2.c3p0.impl.NewPooledConnection@e0339f closed by a client.
java.lang.Exception: DEBUG -- CLOSE BY CLIENT STACK TRACE
	at com.mchange.v2.c3p0.impl.NewPooledConnection.close(NewPooledConnection.java:566)
	at com.mchange.v2.c3p0.impl.NewPooledConnection.close(NewPooledConnection.java:234)
	at com.mchange.v2.c3p0.impl.C3P0PooledConnectionPool$1PooledConnectionResourcePoolManager.destroyResource(C3P0PooledConnectionPool.java:470)
	at com.mchange.v2.resourcepool.BasicResourcePool$1DestroyResourceTask.run(BasicResourcePool.java:964)
	at com.mchange.v2.resourcepool.BasicResourcePool.destroyResource(BasicResourcePool.java:989)
	at com.mchange.v2.resourcepool.BasicResourcePool.access$100(BasicResourcePool.java:32)
	at com.mchange.v2.resourcepool.BasicResourcePool$5.run(BasicResourcePool.java:1174)
2013-10-09 22:27:20,887 DEBUG C3P0PooledConnectionPool:476 - Successfully destroyed PooledConnection: com.mchange.v2.c3p0.impl.NewPooledConnection@e0339f
2013-10-09 22:27:20,887 DEBUG BasicResourcePool:967 - Successfully destroyed resource: com.mchange.v2.c3p0.impl.NewPooledConnection@e0339f
2013-10-09 22:27:20,887 DEBUG BasicResourcePool:962 - Preparing to destroy resource: com.mchange.v2.c3p0.impl.NewPooledConnection@11d5641
2013-10-09 22:27:20,888 DEBUG C3P0PooledConnectionPool:468 - Preparing to destroy PooledConnection: com.mchange.v2.c3p0.impl.NewPooledConnection@11d5641
2013-10-09 22:27:20,888 DEBUG NewPooledConnection:566 - com.mchange.v2.c3p0.impl.NewPooledConnection@11d5641 closed by a client.
java.lang.Exception: DEBUG -- CLOSE BY CLIENT STACK TRACE
	at com.mchange.v2.c3p0.impl.NewPooledConnection.close(NewPooledConnection.java:566)
	at com.mchange.v2.c3p0.impl.NewPooledConnection.close(NewPooledConnection.java:234)
	at com.mchange.v2.c3p0.impl.C3P0PooledConnectionPool$1PooledConnectionResourcePoolManager.destroyResource(C3P0PooledConnectionPool.java:470)
	at com.mchange.v2.resourcepool.BasicResourcePool$1DestroyResourceTask.run(BasicResourcePool.java:964)
	at com.mchange.v2.resourcepool.BasicResourcePool.destroyResource(BasicResourcePool.java:989)
	at com.mchange.v2.resourcepool.BasicResourcePool.access$100(BasicResourcePool.java:32)
	at com.mchange.v2.resourcepool.BasicResourcePool$5.run(BasicResourcePool.java:1174)
2013-10-09 22:27:20,889 DEBUG C3P0PooledConnectionPool:476 - Successfully destroyed PooledConnection: com.mchange.v2.c3p0.impl.NewPooledConnection@11d5641
2013-10-09 22:27:20,889 DEBUG BasicResourcePool:967 - Successfully destroyed resource: com.mchange.v2.c3p0.impl.NewPooledConnection@11d5641
2013-10-09 22:27:20,889 DEBUG BasicResourcePool:962 - Preparing to destroy resource: com.mchange.v2.c3p0.impl.NewPooledConnection@1c94f22
2013-10-09 22:27:20,889 DEBUG C3P0PooledConnectionPool:468 - Preparing to destroy PooledConnection: com.mchange.v2.c3p0.impl.NewPooledConnection@1c94f22
2013-10-09 22:27:20,890 DEBUG NewPooledConnection:566 - com.mchange.v2.c3p0.impl.NewPooledConnection@1c94f22 closed by a client.
java.lang.Exception: DEBUG -- CLOSE BY CLIENT STACK TRACE
	at com.mchange.v2.c3p0.impl.NewPooledConnection.close(NewPooledConnection.java:566)
	at com.mchange.v2.c3p0.impl.NewPooledConnection.close(NewPooledConnection.java:234)
	at com.mchange.v2.c3p0.impl.C3P0PooledConnectionPool$1PooledConnectionResourcePoolManager.destroyResource(C3P0PooledConnectionPool.java:470)
	at com.mchange.v2.resourcepool.BasicResourcePool$1DestroyResourceTask.run(BasicResourcePool.java:964)
	at com.mchange.v2.resourcepool.BasicResourcePool.destroyResource(BasicResourcePool.java:989)
	at com.mchange.v2.resourcepool.BasicResourcePool.access$100(BasicResourcePool.java:32)
	at com.mchange.v2.resourcepool.BasicResourcePool$5.run(BasicResourcePool.java:1174)
2013-10-09 22:27:20,890 DEBUG C3P0PooledConnectionPool:476 - Successfully destroyed PooledConnection: com.mchange.v2.c3p0.impl.NewPooledConnection@1c94f22
2013-10-09 22:27:20,890 DEBUG BasicResourcePool:967 - Successfully destroyed resource: com.mchange.v2.c3p0.impl.NewPooledConnection@1c94f22
2013-10-09 22:27:20,890 DEBUG BasicResourcePool:962 - Preparing to destroy resource: com.mchange.v2.c3p0.impl.NewPooledConnection@9d35f7
2013-10-09 22:27:20,891 DEBUG C3P0PooledConnectionPool:468 - Preparing to destroy PooledConnection: com.mchange.v2.c3p0.impl.NewPooledConnection@9d35f7
2013-10-09 22:27:20,891 DEBUG NewPooledConnection:566 - com.mchange.v2.c3p0.impl.NewPooledConnection@9d35f7 closed by a client.
java.lang.Exception: DEBUG -- CLOSE BY CLIENT STACK TRACE
	at com.mchange.v2.c3p0.impl.NewPooledConnection.close(NewPooledConnection.java:566)
	at com.mchange.v2.c3p0.impl.NewPooledConnection.close(NewPooledConnection.java:234)
	at com.mchange.v2.c3p0.impl.C3P0PooledConnectionPool$1PooledConnectionResourcePoolManager.destroyResource(C3P0PooledConnectionPool.java:470)
	at com.mchange.v2.resourcepool.BasicResourcePool$1DestroyResourceTask.run(BasicResourcePool.java:964)
	at com.mchange.v2.resourcepool.BasicResourcePool.destroyResource(BasicResourcePool.java:989)
	at com.mchange.v2.resourcepool.BasicResourcePool.access$100(BasicResourcePool.java:32)
	at com.mchange.v2.resourcepool.BasicResourcePool$5.run(BasicResourcePool.java:1174)
2013-10-09 22:27:20,891 DEBUG C3P0PooledConnectionPool:476 - Successfully destroyed PooledConnection: com.mchange.v2.c3p0.impl.NewPooledConnection@9d35f7
2013-10-09 22:27:20,892 DEBUG BasicResourcePool:967 - Successfully destroyed resource: com.mchange.v2.c3p0.impl.NewPooledConnection@9d35f7
2013-10-09 22:27:20,892 DEBUG BasicResourcePool:962 - Preparing to destroy resource: com.mchange.v2.c3p0.impl.NewPooledConnection@ea1d29
2013-10-09 22:27:20,892 DEBUG C3P0PooledConnectionPool:468 - Preparing to destroy PooledConnection: com.mchange.v2.c3p0.impl.NewPooledConnection@ea1d29
2013-10-09 22:27:20,892 DEBUG NewPooledConnection:566 - com.mchange.v2.c3p0.impl.NewPooledConnection@ea1d29 closed by a client.
java.lang.Exception: DEBUG -- CLOSE BY CLIENT STACK TRACE
	at com.mchange.v2.c3p0.impl.NewPooledConnection.close(NewPooledConnection.java:566)
	at com.mchange.v2.c3p0.impl.NewPooledConnection.close(NewPooledConnection.java:234)
	at com.mchange.v2.c3p0.impl.C3P0PooledConnectionPool$1PooledConnectionResourcePoolManager.destroyResource(C3P0PooledConnectionPool.java:470)
	at com.mchange.v2.resourcepool.BasicResourcePool$1DestroyResourceTask.run(BasicResourcePool.java:964)
	at com.mchange.v2.resourcepool.BasicResourcePool.destroyResource(BasicResourcePool.java:989)
	at com.mchange.v2.resourcepool.BasicResourcePool.access$100(BasicResourcePool.java:32)
	at com.mchange.v2.resourcepool.BasicResourcePool$5.run(BasicResourcePool.java:1174)
2013-10-09 22:27:20,893 DEBUG C3P0PooledConnectionPool:476 - Successfully destroyed PooledConnection: com.mchange.v2.c3p0.impl.NewPooledConnection@ea1d29
2013-10-09 22:27:20,893 DEBUG BasicResourcePool:967 - Successfully destroyed resource: com.mchange.v2.c3p0.impl.NewPooledConnection@ea1d29
2013-10-09 22:27:20,893 DEBUG BasicResourcePool:962 - Preparing to destroy resource: com.mchange.v2.c3p0.impl.NewPooledConnection@67bd06
2013-10-09 22:27:20,894 DEBUG C3P0PooledConnectionPool:468 - Preparing to destroy PooledConnection: com.mchange.v2.c3p0.impl.NewPooledConnection@67bd06
2013-10-09 22:27:20,894 DEBUG NewPooledConnection:566 - com.mchange.v2.c3p0.impl.NewPooledConnection@67bd06 closed by a client.
java.lang.Exception: DEBUG -- CLOSE BY CLIENT STACK TRACE
	at com.mchange.v2.c3p0.impl.NewPooledConnection.close(NewPooledConnection.java:566)
	at com.mchange.v2.c3p0.impl.NewPooledConnection.close(NewPooledConnection.java:234)
	at com.mchange.v2.c3p0.impl.C3P0PooledConnectionPool$1PooledConnectionResourcePoolManager.destroyResource(C3P0PooledConnectionPool.java:470)
	at com.mchange.v2.resourcepool.BasicResourcePool$1DestroyResourceTask.run(BasicResourcePool.java:964)
	at com.mchange.v2.resourcepool.BasicResourcePool.destroyResource(BasicResourcePool.java:989)
	at com.mchange.v2.resourcepool.BasicResourcePool.access$100(BasicResourcePool.java:32)
	at com.mchange.v2.resourcepool.BasicResourcePool$5.run(BasicResourcePool.java:1174)
2013-10-09 22:27:20,895 DEBUG C3P0PooledConnectionPool:476 - Successfully destroyed PooledConnection: com.mchange.v2.c3p0.impl.NewPooledConnection@67bd06
2013-10-09 22:27:20,895 DEBUG BasicResourcePool:967 - Successfully destroyed resource: com.mchange.v2.c3p0.impl.NewPooledConnection@67bd06
2013-10-09 22:27:20,895 DEBUG BasicResourcePool:962 - Preparing to destroy resource: com.mchange.v2.c3p0.impl.NewPooledConnection@15a4cde
2013-10-09 22:27:20,895 DEBUG C3P0PooledConnectionPool:468 - Preparing to destroy PooledConnection: com.mchange.v2.c3p0.impl.NewPooledConnection@15a4cde
2013-10-09 22:27:20,895 DEBUG NewPooledConnection:566 - com.mchange.v2.c3p0.impl.NewPooledConnection@15a4cde closed by a client.
java.lang.Exception: DEBUG -- CLOSE BY CLIENT STACK TRACE
	at com.mchange.v2.c3p0.impl.NewPooledConnection.close(NewPooledConnection.java:566)
	at com.mchange.v2.c3p0.impl.NewPooledConnection.close(NewPooledConnection.java:234)
	at com.mchange.v2.c3p0.impl.C3P0PooledConnectionPool$1PooledConnectionResourcePoolManager.destroyResource(C3P0PooledConnectionPool.java:470)
	at com.mchange.v2.resourcepool.BasicResourcePool$1DestroyResourceTask.run(BasicResourcePool.java:964)
	at com.mchange.v2.resourcepool.BasicResourcePool.destroyResource(BasicResourcePool.java:989)
	at com.mchange.v2.resourcepool.BasicResourcePool.access$100(BasicResourcePool.java:32)
	at com.mchange.v2.resourcepool.BasicResourcePool$5.run(BasicResourcePool.java:1174)
2013-10-09 22:27:20,896 DEBUG C3P0PooledConnectionPool:476 - Successfully destroyed PooledConnection: com.mchange.v2.c3p0.impl.NewPooledConnection@15a4cde
2013-10-09 22:27:20,896 DEBUG BasicResourcePool:967 - Successfully destroyed resource: com.mchange.v2.c3p0.impl.NewPooledConnection@15a4cde
2013-10-09 22:27:20,896 DEBUG BasicResourcePool:962 - Preparing to destroy resource: com.mchange.v2.c3p0.impl.NewPooledConnection@ce65a0
2013-10-09 22:27:20,896 DEBUG C3P0PooledConnectionPool:468 - Preparing to destroy PooledConnection: com.mchange.v2.c3p0.impl.NewPooledConnection@ce65a0
2013-10-09 22:27:20,897 DEBUG NewPooledConnection:566 - com.mchange.v2.c3p0.impl.NewPooledConnection@ce65a0 closed by a client.
java.lang.Exception: DEBUG -- CLOSE BY CLIENT STACK TRACE
	at com.mchange.v2.c3p0.impl.NewPooledConnection.close(NewPooledConnection.java:566)
	at com.mchange.v2.c3p0.impl.NewPooledConnection.close(NewPooledConnection.java:234)
	at com.mchange.v2.c3p0.impl.C3P0PooledConnectionPool$1PooledConnectionResourcePoolManager.destroyResource(C3P0PooledConnectionPool.java:470)
	at com.mchange.v2.resourcepool.BasicResourcePool$1DestroyResourceTask.run(BasicResourcePool.java:964)
	at com.mchange.v2.resourcepool.BasicResourcePool.destroyResource(BasicResourcePool.java:989)
	at com.mchange.v2.resourcepool.BasicResourcePool.access$100(BasicResourcePool.java:32)
	at com.mchange.v2.resourcepool.BasicResourcePool$5.run(BasicResourcePool.java:1174)
2013-10-09 22:27:20,897 DEBUG C3P0PooledConnectionPool:476 - Successfully destroyed PooledConnection: com.mchange.v2.c3p0.impl.NewPooledConnection@ce65a0
2013-10-09 22:27:20,897 DEBUG BasicResourcePool:967 - Successfully destroyed resource: com.mchange.v2.c3p0.impl.NewPooledConnection@ce65a0
2013-10-09 22:27:20,898 DEBUG BasicResourcePool:962 - Preparing to destroy resource: com.mchange.v2.c3p0.impl.NewPooledConnection@195cad6
2013-10-09 22:27:20,898 DEBUG C3P0PooledConnectionPool:468 - Preparing to destroy PooledConnection: com.mchange.v2.c3p0.impl.NewPooledConnection@195cad6
2013-10-09 22:27:20,898 DEBUG NewPooledConnection:566 - com.mchange.v2.c3p0.impl.NewPooledConnection@195cad6 closed by a client.
java.lang.Exception: DEBUG -- CLOSE BY CLIENT STACK TRACE
	at com.mchange.v2.c3p0.impl.NewPooledConnection.close(NewPooledConnection.java:566)
	at com.mchange.v2.c3p0.impl.NewPooledConnection.close(NewPooledConnection.java:234)
	at com.mchange.v2.c3p0.impl.C3P0PooledConnectionPool$1PooledConnectionResourcePoolManager.destroyResource(C3P0PooledConnectionPool.java:470)
	at com.mchange.v2.resourcepool.BasicResourcePool$1DestroyResourceTask.run(BasicResourcePool.java:964)
	at com.mchange.v2.resourcepool.BasicResourcePool.destroyResource(BasicResourcePool.java:989)
	at com.mchange.v2.resourcepool.BasicResourcePool.access$100(BasicResourcePool.java:32)
	at com.mchange.v2.resourcepool.BasicResourcePool$5.run(BasicResourcePool.java:1174)
2013-10-09 22:27:20,899 DEBUG C3P0PooledConnectionPool:476 - Successfully destroyed PooledConnection: com.mchange.v2.c3p0.impl.NewPooledConnection@195cad6
2013-10-09 22:27:20,899 DEBUG BasicResourcePool:967 - Successfully destroyed resource: com.mchange.v2.c3p0.impl.NewPooledConnection@195cad6
2013-10-09 22:27:20,899 DEBUG BasicResourcePool:962 - Preparing to destroy resource: com.mchange.v2.c3p0.impl.NewPooledConnection@b92c76
2013-10-09 22:27:20,899 DEBUG C3P0PooledConnectionPool:468 - Preparing to destroy PooledConnection: com.mchange.v2.c3p0.impl.NewPooledConnection@b92c76
2013-10-09 22:27:20,900 DEBUG NewPooledConnection:566 - com.mchange.v2.c3p0.impl.NewPooledConnection@b92c76 closed by a client.
java.lang.Exception: DEBUG -- CLOSE BY CLIENT STACK TRACE
	at com.mchange.v2.c3p0.impl.NewPooledConnection.close(NewPooledConnection.java:566)
	at com.mchange.v2.c3p0.impl.NewPooledConnection.close(NewPooledConnection.java:234)
	at com.mchange.v2.c3p0.impl.C3P0PooledConnectionPool$1PooledConnectionResourcePoolManager.destroyResource(C3P0PooledConnectionPool.java:470)
	at com.mchange.v2.resourcepool.BasicResourcePool$1DestroyResourceTask.run(BasicResourcePool.java:964)
	at com.mchange.v2.resourcepool.BasicResourcePool.destroyResource(BasicResourcePool.java:989)
	at com.mchange.v2.resourcepool.BasicResourcePool.access$100(BasicResourcePool.java:32)
	at com.mchange.v2.resourcepool.BasicResourcePool$5.run(BasicResourcePool.java:1174)
2013-10-09 22:27:20,900 DEBUG C3P0PooledConnectionPool:476 - Successfully destroyed PooledConnection: com.mchange.v2.c3p0.impl.NewPooledConnection@b92c76
2013-10-09 22:27:20,900 DEBUG BasicResourcePool:967 - Successfully destroyed resource: com.mchange.v2.c3p0.impl.NewPooledConnection@b92c76
2013-10-09 22:27:20,911 DEBUG ThreadPoolAsynchronousRunner:578 - Thread[com.mchange.v2.async.ThreadPoolAsynchronousRunner$PoolThread-#1,5,main] interrupted. Shutting down.
2013-10-09 22:27:20,920 DEBUG ThreadPoolAsynchronousRunner:578 - Thread[com.mchange.v2.async.ThreadPoolAsynchronousRunner$PoolThread-#3,5,main] interrupted. Shutting down.
2013-10-09 22:27:20,921 DEBUG ThreadPoolAsynchronousRunner:578 - Thread[com.mchange.v2.async.ThreadPoolAsynchronousRunner$PoolThread-#7,5,main] interrupted. Shutting down.
2013-10-09 22:27:20,921 DEBUG ThreadPoolAsynchronousRunner:578 - Thread[com.mchange.v2.async.ThreadPoolAsynchronousRunner$PoolThread-#9,5,main] interrupted. Shutting down.
2013-10-09 22:27:20,921 DEBUG ThreadPoolAsynchronousRunner:578 - Thread[com.mchange.v2.async.ThreadPoolAsynchronousRunner$PoolThread-#5,5,main] interrupted. Shutting down.
2013-10-09 22:27:21,008 DEBUG ThreadPoolAsynchronousRunner:578 - Thread[com.mchange.v2.async.ThreadPoolAsynchronousRunner$PoolThread-#4,5,main] interrupted. Shutting down.
2013-10-09 22:27:21,013 DEBUG ThreadPoolAsynchronousRunner:578 - Thread[com.mchange.v2.async.ThreadPoolAsynchronousRunner$PoolThread-#2,5,main] interrupted. Shutting down.
2013-10-09 22:27:21,013 DEBUG ThreadPoolAsynchronousRunner:578 - Thread[com.mchange.v2.async.ThreadPoolAsynchronousRunner$PoolThread-#8,5,main] interrupted. Shutting down.
2013-10-09 22:27:21,011 DEBUG ThreadPoolAsynchronousRunner:578 - Thread[com.mchange.v2.async.ThreadPoolAsynchronousRunner$PoolThread-#0,5,main] interrupted. Shutting down.
2013-10-09 22:27:21,010 DEBUG ThreadPoolAsynchronousRunner:578 - Thread[com.mchange.v2.async.ThreadPoolAsynchronousRunner$PoolThread-#6,5,main] interrupted. Shutting down.
